[debug] [2022-01-22T06:46:16.408Z] ----------------------------------------------------------------------
[debug] [2022-01-22T06:46:16.410Z] Command:       C:\Program Files\nodejs\node.exe C:\Users\USER\AppData\Roaming\npm\node_modules\firebase-tools\lib\bin\firebase.js init
[debug] [2022-01-22T06:46:16.410Z] CLI Version:   10.1.1
[debug] [2022-01-22T06:46:16.410Z] Platform:      win32
[debug] [2022-01-22T06:46:16.410Z] Node Version:  v14.17.0
[debug] [2022-01-22T06:46:16.411Z] Time:          Sat Jan 22 2022 06:46:16 GMT+0000 (Greenwich Mean Time)
[debug] [2022-01-22T06:46:16.411Z] ----------------------------------------------------------------------
[debug] 
[debug] [2022-01-22T06:46:16.418Z] > command requires scopes: ["email","openid","https://www.googleapis.com/auth/cloudplatformprojects.readonly","https://www.googleapis.com/auth/firebase","https://www.googleapis.com/auth/cloud-platform"]
[debug] [2022-01-22T06:46:16.418Z] > authorizing via signed-in user (elormkuami@gmail.com)
[info] 
     ######## #### ########  ######## ########     ###     ######  ########
     ##        ##  ##     ## ##       ##     ##  ##   ##  ##       ##
     ######    ##  ########  ######   ########  #########  ######  ######
     ##        ##  ##    ##  ##       ##     ## ##     ##       ## ##
     ##       #### ##     ## ######## ########  ##     ##  ######  ########

You're about to initialize a Firebase project in this directory:

  C:\Users\USER\Desktop\Projects\amazon-clone

[info] 
=== Project Setup
[info] 
[info] First, let's associate this project directory with a Firebase project.
[info] You can create multiple project aliases by running firebase use --add, 
[info] but for now we'll just set up a default project.
[info] 
[debug] [2022-01-22T06:48:09.234Z] >>> [apiv2][query] GET https://firebase.googleapis.com/v1beta1/projects pageSize=100
[debug] [2022-01-22T06:48:09.978Z] <<< [apiv2][status] GET https://firebase.googleapis.com/v1beta1/projects 200
[debug] [2022-01-22T06:48:09.978Z] <<< [apiv2][body] GET https://firebase.googleapis.com/v1beta1/projects [omitted]
[info] i  Using project clone-d38e1 (amazon-clone) 
[info] 
=== Hosting Setup
[info] 
[info] Your public directory is the folder (relative to your project directory) that
[info] will contain Hosting assets to be uploaded with firebase deploy. If you
[info] have a build process for your assets, use your build's output directory.
[info] 
[debug] [2022-01-22T06:49:29.364Z] >>> [apiv2][query] GET https://www.gstatic.com/firebasejs/releases.json [none]
[debug] [2022-01-22T06:49:31.500Z] <<< [apiv2][status] GET https://www.gstatic.com/firebasejs/releases.json 200
[debug] [2022-01-22T06:49:31.500Z] <<< [apiv2][body] GET https://www.gstatic.com/firebasejs/releases.json {"current":{"version":"9.6.4","browserURL":"https://www.gstatic.com/firebasejs/9.6.4/firebase.js","packageURL":"https://www.gstatic.com/firebasejs/9.6.4/firebase.tgz"},"live":{"version":"9.6","browserURL":"https://www.gstatic.com/firebasejs/live/9.6/firebase.js","packageURL":"https://www.gstatic.com/firebasejs/live/9.6/firebase.tgz"},"components":{"analytics":"https://www.gstatic.com/firebasejs/9.6.4/firebase-analytics.js","app":"https://www.gstatic.com/firebasejs/9.6.4/firebase-app.js","app-check":"https://www.gstatic.com/firebasejs/9.6.4/firebase-app-check.js","auth":"https://www.gstatic.com/firebasejs/9.6.4/firebase-auth.js","auth/cordova":"https://www.gstatic.com/firebasejs/9.6.4/firebase-auth/cordova.js","auth/react-native":"https://www.gstatic.com/firebasejs/9.6.4/firebase-auth/react-native.js","functions":"https://www.gstatic.com/firebasejs/9.6.4/firebase-functions.js","firestore":"https://www.gstatic.com/firebasejs/9.6.4/firebase-firestore.js","firestore/lite":"https://www.gstatic.com/firebasejs/9.6.4/firebase-firestore/lite.js","storage":"https://www.gstatic.com/firebasejs/9.6.4/firebase-storage.js","performance":"https://www.gstatic.com/firebasejs/9.6.4/firebase-performance.js","remote-config":"https://www.gstatic.com/firebasejs/9.6.4/firebase-remote-config.js","messaging":"https://www.gstatic.com/firebasejs/9.6.4/firebase-messaging.js","messaging/sw":"https://www.gstatic.com/firebasejs/9.6.4/firebase-messaging/sw.js","database":"https://www.gstatic.com/firebasejs/9.6.4/firebase-database.js","firestore.memory":"https://www.gstatic.com/firebasejs/9.6.4/firebase-firestore.memory.js"}}
[info] +  Wrote build/index.html 
[info] 
[info] i  Detected a .git folder at C:\Users\USER\Desktop\Projects\amazon-clone 
[info] i  Authorizing with GitHub to upload your service account to a GitHub repository's secrets store. 
[info] 
[info] Visit this URL on this device to log in:
[info] https://github.com/login/oauth/authorize?client_id=89cf50f02ac6aaed3484&state=320933349&redirect_uri=http%3A%2F%2Flocalhost%3A9005&scope=read%3Auser%20repo%20public_repo
[info] 
[info] Waiting for authentication...
[debug] [2022-01-22T06:50:15.633Z] >>> HTTP REQUEST POST https://github.com/login/oauth/access_token  
 {"client_id":"89cf50f02ac6aaed3484","client_secret":"3330d14abc895d9a74d5f17cd7a00711fa2c5bf0","code":"548ed2cb485be15428fc","redirect_uri":"http://localhost:9005","state":"320933349"}
[debug] [2022-01-22T06:50:16.223Z] <<< HTTP RESPONSE 200 {"server":"GitHub.com","date":"Sat, 22 Jan 2022 06:50:16 GMT","content-type":"application/json; charset=utf-8","transfer-encoding":"chunked","vary":"X-PJAX, X-PJAX-Container, Accept-Encoding, Accept, X-Requested-With","permissions-policy":"interest-cohort=()","etag":"W/\"831ae5fff3a70435191c8a10252a438a\"","cache-control":"max-age=0, private, must-revalidate","strict-transport-security":"max-age=31536000; includeSubdomains; preload","x-frame-options":"deny","x-content-type-options":"nosniff","x-xss-protection":"0","referrer-policy":"origin-when-cross-origin, strict-origin-when-cross-origin","expect-ct":"max-age=2592000, report-uri=\"https://api.github.com/_private/browser/errors\"","content-security-policy":"default-src 'none'; base-uri 'self'; block-all-mixed-content; child-src github.com/assets-cdn/worker/ gist.github.com/assets-cdn/worker/; connect-src 'self' uploads.github.com objects-origin.githubusercontent.com www.githubstatus.com collector.githubapp.com api.github.com github-cloud.s3.amazonaws.com github-production-repository-file-5c1aeb.s3.amazonaws.com github-production-upload-manifest-file-7fdce7.s3.amazonaws.com github-production-user-asset-6210df.s3.amazonaws.com cdn.optimizely.com logx.optimizely.com/v1/events translator.github.com wss://alive.github.com; font-src github.githubassets.com; form-action 'self' github.com gist.github.com objects-origin.githubusercontent.com; frame-ancestors 'none'; frame-src render.githubusercontent.com viewscreen.githubusercontent.com notebooks.githubusercontent.com; img-src 'self' data: github.githubassets.com identicons.github.com collector.githubapp.com github-cloud.s3.amazonaws.com secured-user-images.githubusercontent.com/ *.githubusercontent.com; manifest-src 'self'; media-src github.com user-images.githubusercontent.com/; script-src github.githubassets.com; style-src 'unsafe-inline' github.githubassets.com; worker-src github.com/assets-cdn/worker/ gist.github.com/assets-cdn/worker/","x-github-request-id":"C3D4:12C1F:1270070:1361535:61EBA927"}
[debug] [2022-01-22T06:50:16.239Z] >>> [apiv2][query] GET https://api.github.com/user [none]
[debug] [2022-01-22T06:50:16.890Z] <<< [apiv2][status] GET https://api.github.com/user 200
[debug] [2022-01-22T06:50:16.890Z] <<< [apiv2][body] GET https://api.github.com/user {"login":"Freedom-seven","id":82570511,"node_id":"MDQ6VXNlcjgyNTcwNTEx","avatar_url":"https://avatars.githubusercontent.com/u/82570511?v=4","gravatar_id":"","url":"https://api.github.com/users/Freedom-seven","html_url":"https://github.com/Freedom-seven","followers_url":"https://api.github.com/users/Freedom-seven/followers","following_url":"https://api.github.com/users/Freedom-seven/following{/other_user}","gists_url":"https://api.github.com/users/Freedom-seven/gists{/gist_id}","starred_url":"https://api.github.com/users/Freedom-seven/starred{/owner}{/repo}","subscriptions_url":"https://api.github.com/users/Freedom-seven/subscriptions","organizations_url":"https://api.github.com/users/Freedom-seven/orgs","repos_url":"https://api.github.com/users/Freedom-seven/repos","events_url":"https://api.github.com/users/Freedom-seven/events{/privacy}","received_events_url":"https://api.github.com/users/Freedom-seven/received_events","type":"User","site_admin":false,"name":"FREEDOM","company":null,"blog":"","location":null,"email":null,"hireable":null,"bio":"Hi there!\r\nAm Freedom a software developer","twitter_username":null,"public_repos":37,"public_gists":0,"followers":1,"following":1,"created_at":"2021-04-15T07:25:32Z","updated_at":"2021-07-23T17:08:38Z","private_gists":0,"total_private_repos":1,"owned_private_repos":1,"disk_usage":418067,"collaborators":0,"two_factor_authentication":false,"plan":{"name":"free","space":976562499,"collaborators":0,"private_repos":10000}}
[info] 
[info] +  Success! Logged into GitHub as Freedom-seven 
[info] 
[debug] [2022-01-22T06:52:58.259Z] >>> [apiv2][query] GET https://api.github.com/repos/Amazon-clone/actions/secrets/public-key type=owner
[debug] [2022-01-22T06:53:00.551Z] <<< [apiv2][status] GET https://api.github.com/repos/Amazon-clone/actions/secrets/public-key 404
[debug] [2022-01-22T06:53:00.552Z] <<< [apiv2][body] GET https://api.github.com/repos/Amazon-clone/actions/secrets/public-key {"message":"Not Found","documentation_url":"https://docs.github.com/rest"}
[debug] [2022-01-22T06:53:33.024Z] >>> [apiv2][query] GET https://api.github.com/repos/repository/actions/secrets/public-key type=owner
[debug] [2022-01-22T06:53:33.592Z] <<< [apiv2][status] GET https://api.github.com/repos/repository/actions/secrets/public-key 404
[debug] [2022-01-22T06:53:33.592Z] <<< [apiv2][body] GET https://api.github.com/repos/repository/actions/secrets/public-key {"message":"Not Found","documentation_url":"https://docs.github.com/rest"}
[debug] [2022-01-22T06:56:01.779Z] >>> [apiv2][query] GET https://api.github.com/repos/Freedom-seven/Amazon-clone/actions/secrets/public-key type=owner
[debug] [2022-01-22T06:56:04.189Z] <<< [apiv2][status] GET https://api.github.com/repos/Freedom-seven/Amazon-clone/actions/secrets/public-key 404
[debug] [2022-01-22T06:56:04.190Z] <<< [apiv2][body] GET https://api.github.com/repos/Freedom-seven/Amazon-clone/actions/secrets/public-key {"message":"Not Found","documentation_url":"https://docs.github.com/rest/reference/actions#get-a-repository-public-key"}
[debug] [2022-01-22T06:56:18.826Z] >>> [apiv2][query] GET https://api.github.com/repos/Freedom-seven/AmazonClone/actions/secrets/public-key type=owner
[debug] [2022-01-22T06:56:19.607Z] <<< [apiv2][status] GET https://api.github.com/repos/Freedom-seven/AmazonClone/actions/secrets/public-key 404
[debug] [2022-01-22T06:56:19.607Z] <<< [apiv2][body] GET https://api.github.com/repos/Freedom-seven/AmazonClone/actions/secrets/public-key {"message":"Not Found","documentation_url":"https://docs.github.com/rest/reference/actions#get-a-repository-public-key"}
